0 verbose cli [ '/usr/bin/node', '/usr/bin/npm', 'install', 'tree-sitter-cli' ]
1 info using npm@8.5.1
2 info using node@v12.22.9
3 timing npm:load:whichnode Completed in 0ms
4 timing config:load:defaults Completed in 1ms
5 timing config:load:file:/usr/share/nodejs/npm/npmrc Completed in 2ms
6 timing config:load:builtin Completed in 2ms
7 timing config:load:cli Completed in 1ms
8 timing config:load:env Completed in 0ms
9 timing config:load:project Completed in 1ms
10 timing config:load:file:/home/juanesh/.npmrc Completed in 0ms
11 timing config:load:user Completed in 0ms
12 timing config:load:file:/etc/npmrc Completed in 1ms
13 timing config:load:global Completed in 1ms
14 timing config:load:validate Completed in 0ms
15 timing config:load:credentials Completed in 0ms
16 timing config:load:setEnvs Completed in 1ms
17 timing config:load Completed in 7ms
18 timing npm:load:configload Completed in 7ms
19 timing npm:load:setTitle Completed in 0ms
20 timing config:load:flatten Completed in 2ms
21 timing npm:load:display Completed in 3ms
22 verbose logfile /home/juanesh/.npm/_logs/2023-10-15T04_29_21_570Z-debug-0.log
23 timing npm:load:logFile Completed in 4ms
24 timing npm:load:timers Completed in 0ms
25 timing npm:load:configScope Completed in 0ms
26 timing npm:load Completed in 14ms
27 timing arborist:ctor Completed in 1ms
28 silly logfile start cleaning logs, removing 8 files
29 timing arborist:ctor Completed in 0ms
30 timing idealTree:init Completed in 11ms
31 timing idealTree:userRequests Completed in 2ms
32 silly idealTree buildDeps
33 silly fetch manifest tree-sitter-cli@*
34 http fetch GET 200 https://registry.npmjs.org/tree-sitter-cli 732ms (cache miss)
35 silly placeDep ROOT tree-sitter-cli@0.20.8 OK for:  want: *
36 timing idealTree:#root Completed in 742ms
37 timing idealTree:node_modules/tree-sitter-cli Completed in 0ms
38 timing idealTree:buildDeps Completed in 743ms
39 timing idealTree:fixDepFlags Completed in 0ms
40 timing idealTree Completed in 758ms
41 timing reify:loadTrees Completed in 758ms
42 timing reify:diffTrees Completed in 0ms
43 silly reify moves {}
44 timing reify:retireShallow Completed in 0ms
45 timing reify:createSparse Completed in 2ms
46 timing reify:loadBundles Completed in 0ms
47 silly audit bulk request { 'tree-sitter-cli': [ '0.20.8' ] }
48 silly tarball no local data for tree-sitter-cli@https://registry.npmjs.org/tree-sitter-cli/-/tree-sitter-cli-0.20.8.tgz. Extracting by manifest.
49 http fetch POST 200 https://registry.npmjs.org/-/npm/v1/security/advisories/bulk 168ms
50 timing auditReport:getReport Completed in 169ms
51 silly audit report {}
52 timing auditReport:init Completed in 0ms
53 timing reify:audit Completed in 171ms
54 http fetch GET 200 https://registry.npmjs.org/tree-sitter-cli/-/tree-sitter-cli-0.20.8.tgz 206ms (cache miss)
55 timing reifyNode:node_modules/tree-sitter-cli Completed in 213ms
56 timing reify:unpack Completed in 213ms
57 timing reify:unretire Completed in 0ms
58 timing build:queue Completed in 1ms
59 timing build:link:node_modules/tree-sitter-cli Completed in 2ms
60 timing build:link Completed in 2ms
61 info run tree-sitter-cli@0.20.8 install node_modules/tree-sitter-cli node install.js
62 info run tree-sitter-cli@0.20.8 install { code: 0, signal: null }
63 timing build:run:install:node_modules/tree-sitter-cli Completed in 1332ms
64 timing build:run:install Completed in 1333ms
65 timing build:deps Completed in 1337ms
66 timing build Completed in 1337ms
67 timing reify:build Completed in 1337ms
68 timing reify:trash Completed in 0ms
69 timing reify:save Completed in 7ms
70 timing reify Completed in 2336ms
71 silly ADD node_modules/tree-sitter-cli
72 timing command:install Completed in 2342ms
73 verbose exit 0
74 timing npm Completed in 2502ms
75 info ok
