2023-10-15 05:51:24 Loading main app package /tmp/.mount_ObsidigbH3I3/resources/obsidian.asar
2023-10-15 05:51:24 Checking for update using Github
2023-10-15 05:51:25 Success.
2023-10-15 05:51:25 Latest version is 1.4.16
2023-10-15 05:51:25 App is up to date.
2023-10-15 05:56:17 Loading main app package /tmp/.mount_ObsidiBUtLKW/resources/obsidian.asar
2023-10-15 05:56:17 Checking for update using Github
2023-10-15 05:56:18 Success.
2023-10-15 05:56:18 Latest version is 1.4.16
2023-10-15 05:56:18 App is up to date.
2023-10-15 22:29:23 Loading main app package /tmp/.mount_ObsidihMQ0KR/resources/obsidian.asar
2023-10-15 22:29:24 Checking for update using Github
2023-10-15 22:29:24 Success.
2023-10-15 22:29:24 Latest version is 1.4.16
2023-10-15 22:29:24 App is up to date.
2023-10-15 23:29:23 Checking for update using Github
2023-10-15 23:29:23 Success.
2023-10-15 23:29:23 Latest version is 1.4.16
2023-10-15 23:29:23 App is up to date.
2023-10-16 03:32:49 Checking for update using Github
2023-10-16 03:32:50 Success.
2023-10-16 03:32:50 Latest version is 1.4.16
2023-10-16 03:32:50 App is up to date.
2023-10-16 12:44:14 Checking for update using Github
2023-10-16 12:44:14 Success.
2023-10-16 12:44:14 Latest version is 1.4.16
2023-10-16 12:44:14 App is up to date.
2023-10-16 13:27:47 Loading main app package /tmp/.mount_ObsidiqBqj5Q/resources/obsidian.asar
2023-10-16 13:27:47 Checking for update using Github
2023-10-16 13:27:48 Success.
2023-10-16 13:27:48 Latest version is 1.4.16
2023-10-16 13:27:48 App is up to date.
2023-10-16 14:33:04 Checking for update using Github
2023-10-16 14:33:04 Success.
2023-10-16 14:33:04 Latest version is 1.4.16
2023-10-16 14:33:04 App is up to date.
2023-10-16 15:33:04 Checking for update using Github
2023-10-16 15:33:04 Success.
2023-10-16 15:33:04 Latest version is 1.4.16
2023-10-16 15:33:04 App is up to date.
2023-10-16 19:58:42 Loading main app package /tmp/.mount_ObsidiPV02JR/resources/obsidian.asar
2023-10-16 19:58:43 Checking for update using Github
2023-10-16 19:58:43 Success.
2023-10-16 19:58:43 Latest version is 1.4.16
2023-10-16 19:58:43 App is up to date.
2023-10-16 20:58:42 Checking for update using Github
2023-10-16 20:58:43 Success.
2023-10-16 20:58:43 Latest version is 1.4.16
2023-10-16 20:58:43 App is up to date.
2023-10-17 00:07:03 Loading main app package /tmp/.mount_ObsidiIweq4v/resources/obsidian.asar
2023-10-17 00:07:03 Checking for update using Github
2023-10-17 00:07:03 Success.
2023-10-17 00:07:03 Latest version is 1.4.16
2023-10-17 00:07:03 App is up to date.
2023-10-17 01:26:07 Checking for update using Github
2023-10-17 01:26:29 Failed to check for update using Github (net::ERR_NAME_NOT_RESOLVED)
2023-10-17 01:26:29 Checking for update using obsidian.md
2023-10-17 01:27:02 Failed to check for update using obsidian.md (net::ERR_INTERNET_DISCONNECTED)
2023-10-17 02:26:07 Checking for update using Github
2023-10-17 02:26:08 Success.
2023-10-17 02:26:08 Latest version is 1.4.16
2023-10-17 02:26:08 App is up to date.
2023-10-17 03:26:08 Checking for update using Github
2023-10-17 03:26:13 Success.
2023-10-17 03:26:13 Latest version is 1.4.16
2023-10-17 03:26:13 App is up to date.
2023-10-17 04:26:08 Checking for update using Github
2023-10-17 04:26:08 Success.
2023-10-17 04:26:08 Latest version is 1.4.16
2023-10-17 04:26:08 App is up to date.
2023-10-17 11:54:11 Checking for update using Github
2023-10-17 11:54:11 Success.
2023-10-17 11:54:11 Latest version is 1.4.16
2023-10-17 11:54:11 App is up to date.
2023-10-17 12:54:11 Checking for update using Github
2023-10-17 12:54:11 Success.
2023-10-17 12:54:11 Latest version is 1.4.16
2023-10-17 12:54:11 App is up to date.
2023-10-17 14:50:12 Checking for update using Github
2023-10-17 14:50:12 Success.
2023-10-17 14:50:12 Latest version is 1.4.16
2023-10-17 14:50:12 App is up to date.
2023-10-17 16:26:33 Checking for update using Github
2023-10-17 16:26:50 Success.
2023-10-17 16:26:50 Latest version is 1.4.16
2023-10-17 16:26:50 App is up to date.
2023-10-17 17:26:34 Checking for update using Github
2023-10-17 17:26:34 Success.
2023-10-17 17:26:34 Latest version is 1.4.16
2023-10-17 17:26:34 App is up to date.
2023-10-17 19:22:24 Checking for update using Github
2023-10-17 19:22:24 Success.
2023-10-17 19:22:24 Latest version is 1.4.16
2023-10-17 19:22:24 App is up to date.
2023-10-17 20:22:24 Checking for update using Github
2023-10-17 20:22:24 Success.
2023-10-17 20:22:24 Latest version is 1.4.16
2023-10-17 20:22:24 App is up to date.
2023-10-17 21:22:24 Checking for update using Github
2023-10-17 21:22:24 Success.
2023-10-17 21:22:24 Latest version is 1.4.16
2023-10-17 21:22:24 App is up to date.
2023-10-18 02:38:38 Checking for update using Github
2023-10-18 02:38:39 Success.
2023-10-18 02:38:39 Latest version is 1.4.16
2023-10-18 02:38:39 App is up to date.
2023-10-18 03:38:38 Checking for update using Github
2023-10-18 03:38:39 Success.
2023-10-18 03:38:39 Latest version is 1.4.16
2023-10-18 03:38:39 App is up to date.
2023-10-18 04:42:56 Checking for update using Github
2023-10-18 04:42:57 Success.
2023-10-18 04:42:57 Latest version is 1.4.16
2023-10-18 04:42:57 App is up to date.
2023-10-18 17:23:42 Checking for update using Github
2023-10-18 17:23:42 Success.
2023-10-18 17:23:42 Latest version is 1.4.16
2023-10-18 17:23:42 App is up to date.
2023-10-18 18:24:30 Checking for update using Github
2023-10-18 18:24:31 Success.
2023-10-18 18:24:31 Latest version is 1.4.16
2023-10-18 18:24:31 App is up to date.
2023-10-18 19:24:31 Checking for update using Github
2023-10-18 19:24:32 Success.
2023-10-18 19:24:32 Latest version is 1.4.16
2023-10-18 19:24:32 App is up to date.
2023-10-18 20:24:32 Checking for update using Github
2023-10-18 20:24:32 Success.
2023-10-18 20:24:32 Latest version is 1.4.16
2023-10-18 20:24:32 App is up to date.
2023-10-18 21:24:32 Checking for update using Github
2023-10-18 21:24:32 Success.
2023-10-18 21:24:32 Latest version is 1.4.16
2023-10-18 21:24:32 App is up to date.
2023-10-18 22:24:32 Checking for update using Github
2023-10-18 22:24:32 Success.
2023-10-18 22:24:32 Latest version is 1.4.16
2023-10-18 22:24:32 App is up to date.
2023-10-19 02:36:14 Checking for update using Github
2023-10-19 02:36:14 Success.
2023-10-19 02:36:14 Latest version is 1.4.16
2023-10-19 02:36:14 App is up to date.
2023-10-19 03:36:14 Checking for update using Github
2023-10-19 03:36:14 Success.
2023-10-19 03:36:14 Latest version is 1.4.16
2023-10-19 03:36:14 App is up to date.
2023-10-19 04:36:14 Checking for update using Github
2023-10-19 04:36:15 Success.
2023-10-19 04:36:15 Latest version is 1.4.16
2023-10-19 04:36:15 App is up to date.
2023-10-22 01:37:29 Loading main app package /tmp/.mount_ObsidiTubgCQ/resources/obsidian.asar
2023-10-22 01:37:29 Checking for update using Github
2023-10-22 01:37:30 Success.
2023-10-22 01:37:30 Latest version is 1.4.16
2023-10-22 01:37:30 App is up to date.
2023-10-22 10:49:34 Checking for update using Github
2023-10-22 10:49:34 Success.
2023-10-22 10:49:34 Latest version is 1.4.16
2023-10-22 10:49:34 App is up to date.
2023-10-22 11:49:34 Checking for update using Github
2023-10-22 11:49:34 Success.
2023-10-22 11:49:34 Latest version is 1.4.16
2023-10-22 11:49:34 App is up to date.
2023-10-22 14:31:57 Checking for update using Github
2023-10-22 14:31:57 Success.
2023-10-22 14:31:57 Latest version is 1.4.16
2023-10-22 14:31:57 App is up to date.
2023-10-23 15:53:35 Loading main app package /tmp/.mount_ObsidiC7Mg8b/resources/obsidian.asar
2023-10-23 15:53:35 Checking for update using Github
2023-10-23 15:53:35 Success.
2023-10-23 15:53:35 Latest version is 1.4.16
2023-10-23 15:53:35 App is up to date.
2023-10-23 16:12:18 Loading main app package /tmp/.mount_ObsidihDxC4x/resources/obsidian.asar
2023-10-23 16:12:18 Checking for update using Github
2023-10-23 16:12:18 Success.
2023-10-23 16:12:18 Latest version is 1.4.16
2023-10-23 16:12:18 App is up to date.
2023-10-23 18:12:59 Checking for update using Github
2023-10-23 18:13:00 Success.
2023-10-23 18:13:00 Latest version is 1.4.16
2023-10-23 18:13:00 App is up to date.
2023-10-23 19:13:00 Checking for update using Github
2023-10-23 19:13:15 Success.
2023-10-23 19:13:15 Latest version is 1.4.16
2023-10-23 19:13:15 App is up to date.
2023-10-23 20:21:50 Loading main app package /tmp/.mount_ObsidiGzMWtC/resources/obsidian.asar
2023-10-23 20:21:50 Checking for update using Github
2023-10-23 20:21:51 Success.
2023-10-23 20:21:51 Latest version is 1.4.16
2023-10-23 20:21:51 App is up to date.
2023-10-23 21:21:50 Checking for update using Github
2023-10-23 21:21:50 Success.
2023-10-23 21:21:50 Latest version is 1.4.16
2023-10-23 21:21:50 App is up to date.
2023-10-23 22:21:50 Checking for update using Github
2023-10-23 22:21:50 Success.
2023-10-23 22:21:50 Latest version is 1.4.16
2023-10-23 22:21:50 App is up to date.
2023-10-23 23:21:50 Checking for update using Github
2023-10-23 23:21:50 Success.
2023-10-23 23:21:50 Latest version is 1.4.16
2023-10-23 23:21:50 App is up to date.
2023-10-24 03:50:12 Checking for update using Github
2023-10-24 03:50:13 Success.
2023-10-24 03:50:13 Latest version is 1.4.16
2023-10-24 03:50:13 App is up to date.
2023-10-24 10:02:35 Checking for update using Github
2023-10-24 10:02:36 Success.
2023-10-24 10:02:36 Latest version is 1.4.16
2023-10-24 10:02:36 App is up to date.
2023-10-24 10:06:03 Loading main app package /tmp/.mount_ObsidiquRdHP/resources/obsidian.asar
2023-10-24 10:06:04 Checking for update using Github
2023-10-24 10:06:04 Success.
2023-10-24 10:06:04 Latest version is 1.4.16
2023-10-24 10:06:04 App is up to date.
2023-10-24 19:37:53 Loading main app package /tmp/.mount_Obsidi94O5lO/resources/obsidian.asar
2023-10-24 19:37:54 Checking for update using Github
2023-10-24 19:37:54 Success.
2023-10-24 19:37:54 Latest version is 1.4.16
2023-10-24 19:37:54 App is up to date.
2023-10-24 20:35:24 Loading main app package /tmp/.mount_ObsidiaDU5op/resources/obsidian.asar
2023-10-24 20:35:24 Checking for update using Github
2023-10-24 20:35:25 Success.
2023-10-24 20:35:25 Latest version is 1.4.16
2023-10-24 20:35:25 App is up to date.
2023-10-24 23:54:36 Loading main app package /tmp/.mount_ObsidieU4Yb3/resources/obsidian.asar
2023-10-24 23:54:37 Checking for update using Github
2023-10-24 23:54:39 Success.
2023-10-24 23:54:39 Latest version is 1.4.16
2023-10-24 23:54:39 App is up to date.
2023-10-25 09:25:08 Checking for update using Github
2023-10-25 09:25:09 Success.
2023-10-25 09:25:09 Latest version is 1.4.16
2023-10-25 09:25:09 App is up to date.
2023-10-25 10:25:08 Checking for update using Github
2023-10-25 10:25:09 Success.
2023-10-25 10:25:09 Latest version is 1.4.16
2023-10-25 10:25:09 App is up to date.
2023-10-25 10:27:51 Loading main app package /tmp/.mount_ObsidiH8FDCf/resources/obsidian.asar
2023-10-25 10:27:51 Checking for update using Github
2023-10-25 10:27:51 Success.
2023-10-25 10:27:51 Latest version is 1.4.16
2023-10-25 10:27:51 App is up to date.
2023-10-25 11:11:52 Loading main app package /tmp/.mount_Obsidi7yTi0D/resources/obsidian.asar
2023-10-25 11:11:52 Checking for update using Github
2023-10-25 11:11:53 Success.
2023-10-25 11:11:53 Latest version is 1.4.16
2023-10-25 11:11:53 App is up to date.
2023-10-25 11:18:28 Loading main app package /tmp/.mount_Obsidi8Eb6ml/resources/obsidian.asar
2023-10-25 11:18:29 Checking for update using Github
2023-10-25 11:18:29 Success.
2023-10-25 11:18:29 Latest version is 1.4.16
2023-10-25 11:18:29 App is up to date.
2023-10-25 11:22:17 Loading main app package /tmp/.mount_Obsidib9R8jO/resources/obsidian.asar
2023-10-25 11:22:18 Checking for update using Github
2023-10-25 11:22:18 Success.
2023-10-25 11:22:18 Latest version is 1.4.16
2023-10-25 11:22:18 App is up to date.
2023-10-25 11:31:08 Loading main app package /tmp/.mount_ObsidiAx8oT4/resources/obsidian.asar
2023-10-25 11:31:09 Checking for update using Github
2023-10-25 11:31:09 Success.
2023-10-25 11:31:09 Latest version is 1.4.16
2023-10-25 11:31:09 App is up to date.
2023-10-25 12:31:17 Checking for update using Github
2023-10-25 12:31:17 Success.
2023-10-25 12:31:17 Latest version is 1.4.16
2023-10-25 12:31:17 App is up to date.
2023-10-25 14:29:40 Checking for update using Github
2023-10-25 14:29:40 Success.
2023-10-25 14:29:40 Latest version is 1.4.16
2023-10-25 14:29:40 App is up to date.
2023-10-25 15:46:45 Checking for update using Github
2023-10-25 15:46:46 Success.
2023-10-25 15:46:46 Latest version is 1.4.16
2023-10-25 15:46:46 App is up to date.
2023-10-25 16:46:46 Checking for update using Github
2023-10-25 16:46:46 Success.
2023-10-25 16:46:46 Latest version is 1.4.16
2023-10-25 16:46:46 App is up to date.
2023-10-25 18:14:00 Checking for update using Github
2023-10-25 18:14:00 Success.
2023-10-25 18:14:00 Latest version is 1.4.16
2023-10-25 18:14:00 App is up to date.
2023-10-25 19:14:00 Checking for update using Github
2023-10-25 19:14:00 Success.
2023-10-25 19:14:00 Latest version is 1.4.16
2023-10-25 19:14:00 App is up to date.
2023-10-25 20:14:00 Checking for update using Github
2023-10-25 20:14:00 Success.
2023-10-25 20:14:00 Latest version is 1.4.16
2023-10-25 20:14:00 App is up to date.
2023-10-25 21:14:00 Checking for update using Github
2023-10-25 21:14:00 Success.
2023-10-25 21:14:00 Latest version is 1.4.16
2023-10-25 21:14:00 App is up to date.
2023-10-25 22:14:00 Checking for update using Github
2023-10-25 22:14:01 Success.
2023-10-25 22:14:01 Latest version is 1.4.16
2023-10-25 22:14:01 App is up to date.
2023-10-25 23:38:35 Checking for update using Github
2023-10-25 23:38:48 Success.
2023-10-25 23:38:48 Latest version is 1.4.16
2023-10-25 23:38:48 App is up to date.
2023-10-26 11:47:49 Checking for update using Github
2023-10-26 11:47:49 Success.
2023-10-26 11:47:49 Latest version is 1.4.16
2023-10-26 11:47:49 App is up to date.
2023-10-26 12:47:49 Checking for update using Github
2023-10-26 12:47:49 Success.
2023-10-26 12:47:49 Latest version is 1.4.16
2023-10-26 12:47:49 App is up to date.
2023-10-26 15:02:44 Checking for update using Github
2023-10-26 15:02:44 Success.
2023-10-26 15:02:44 Latest version is 1.4.16
2023-10-26 15:02:44 App is up to date.
2023-10-26 16:02:44 Checking for update using Github
2023-10-26 16:02:44 Success.
2023-10-26 16:02:44 Latest version is 1.4.16
2023-10-26 16:02:44 App is up to date.
2023-10-26 17:02:44 Checking for update using Github
2023-10-26 17:02:44 Success.
2023-10-26 17:02:44 Latest version is 1.4.16
2023-10-26 17:02:44 App is up to date.
2023-10-26 18:02:44 Checking for update using Github
2023-10-26 18:02:44 Success.
2023-10-26 18:02:44 Latest version is 1.4.16
2023-10-26 18:02:44 App is up to date.
2023-10-26 21:54:23 Checking for update using Github
2023-10-26 21:54:24 Success.
2023-10-26 21:54:24 Latest version is 1.4.16
2023-10-26 21:54:24 App is up to date.
2023-10-26 22:54:23 Checking for update using Github
2023-10-26 22:54:24 Success.
2023-10-26 22:54:24 Latest version is 1.4.16
2023-10-26 22:54:24 App is up to date.
2023-10-27 09:29:15 Checking for update using Github
2023-10-27 09:29:15 Success.
2023-10-27 09:29:15 Latest version is 1.4.16
2023-10-27 09:29:15 App is up to date.
2023-10-27 10:29:12 Checking for update using Github
2023-10-27 10:29:13 Success.
2023-10-27 10:29:13 Latest version is 1.4.16
2023-10-27 10:29:13 App is up to date.
2023-10-27 11:29:13 Checking for update using Github
2023-10-27 11:29:13 Success.
2023-10-27 11:29:13 Latest version is 1.4.16
2023-10-27 11:29:13 App is up to date.
2023-10-27 13:31:03 Checking for update using Github
2023-10-27 13:31:03 Success.
2023-10-27 13:31:03 Latest version is 1.4.16
2023-10-27 13:31:03 App is up to date.
2023-10-27 18:15:46 Checking for update using Github
2023-10-27 18:15:46 Success.
2023-10-27 18:15:46 Latest version is 1.4.16
2023-10-27 18:15:46 App is up to date.
2023-10-27 19:15:46 Checking for update using Github
2023-10-27 19:15:47 Success.
2023-10-27 19:15:47 Latest version is 1.4.16
2023-10-27 19:15:47 App is up to date.
2023-10-27 21:22:38 Loading main app package /tmp/.mount_Obsidi0rejdW/resources/obsidian.asar
2023-10-27 21:22:39 Checking for update using Github
2023-10-27 21:22:39 Success.
2023-10-27 21:22:39 Latest version is 1.4.16
2023-10-27 21:22:39 App is up to date.
2023-10-27 22:22:38 Checking for update using Github
2023-10-27 22:22:39 Success.
2023-10-27 22:22:39 Latest version is 1.4.16
2023-10-27 22:22:39 App is up to date.
2023-10-28 01:54:07 Checking for update using Github
2023-10-28 01:54:08 Success.
2023-10-28 01:54:08 Latest version is 1.4.16
2023-10-28 01:54:08 App is up to date.
2023-10-28 12:58:44 Loading main app package /tmp/.mount_ObsidiXXp06f/resources/obsidian.asar
2023-10-28 12:58:46 Checking for update using Github
2023-10-28 12:58:47 Success.
2023-10-28 12:58:47 Latest version is 1.4.16
2023-10-28 12:58:47 App is up to date.
2023-10-28 13:45:23 Loading main app package /tmp/.mount_Obsidi2O7Vqx/resources/obsidian.asar
2023-10-28 13:45:23 Checking for update using Github
2023-10-28 13:45:24 Success.
2023-10-28 13:45:24 Latest version is 1.4.16
2023-10-28 13:45:24 App is up to date.
2023-10-28 15:05:35 Checking for update using Github
2023-10-28 15:05:35 Success.
2023-10-28 15:05:35 Latest version is 1.4.16
2023-10-28 15:05:35 App is up to date.
2023-10-28 16:09:24 Loading main app package /tmp/.mount_Obsidi8Zflyu/resources/obsidian.asar
2023-10-28 16:09:25 Checking for update using Github
2023-10-28 16:09:25 Success.
2023-10-28 16:09:25 Latest version is 1.4.16
2023-10-28 16:09:25 App is up to date.
2023-10-28 17:02:23 Loading main app package /tmp/.mount_ObsidicydqEM/resources/obsidian.asar
2023-10-28 17:02:23 Checking for update using Github
2023-10-28 17:02:24 Success.
2023-10-28 17:02:24 Latest version is 1.4.16
2023-10-28 17:02:24 App is up to date.
2023-10-28 19:01:59 Checking for update using Github
2023-10-28 19:01:59 Success.
2023-10-28 19:01:59 Latest version is 1.4.16
2023-10-28 19:01:59 App is up to date.
2023-10-28 20:01:59 Checking for update using Github
2023-10-28 20:01:59 Success.
2023-10-28 20:01:59 Latest version is 1.4.16
2023-10-28 20:01:59 App is up to date.
2023-10-28 22:00:21 Checking for update using Github
2023-10-28 22:00:21 Success.
2023-10-28 22:00:21 Latest version is 1.4.16
2023-10-28 22:00:21 App is up to date.
2023-10-28 23:07:54 Checking for update using Github
2023-10-28 23:07:55 Success.
2023-10-28 23:07:55 Latest version is 1.4.16
2023-10-28 23:07:55 App is up to date.
2023-10-29 00:07:54 Checking for update using Github
2023-10-29 00:07:55 Success.
2023-10-29 00:07:55 Latest version is 1.4.16
2023-10-29 00:07:55 App is up to date.
2023-10-29 01:07:55 Checking for update using Github
2023-10-29 01:07:55 Success.
2023-10-29 01:07:55 Latest version is 1.4.16
2023-10-29 01:07:55 App is up to date.
2023-10-29 02:07:55 Checking for update using Github
2023-10-29 02:07:55 Success.
2023-10-29 02:07:55 Latest version is 1.4.16
2023-10-29 02:07:55 App is up to date.
2023-10-29 03:07:55 Checking for update using Github
2023-10-29 03:07:55 Success.
2023-10-29 03:07:55 Latest version is 1.4.16
2023-10-29 03:07:55 App is up to date.
2023-10-29 04:07:55 Checking for update using Github
2023-10-29 04:07:55 Success.
2023-10-29 04:07:55 Latest version is 1.4.16
2023-10-29 04:07:55 App is up to date.
2023-10-29 05:07:55 Checking for update using Github
2023-10-29 05:07:55 Success.
2023-10-29 05:07:55 Latest version is 1.4.16
2023-10-29 05:07:55 App is up to date.
2023-10-29 06:07:55 Checking for update using Github
2023-10-29 06:07:55 Success.
2023-10-29 06:07:55 Latest version is 1.4.16
2023-10-29 06:07:55 App is up to date.
2023-10-29 07:07:55 Checking for update using Github
2023-10-29 07:07:55 Success.
2023-10-29 07:07:55 Latest version is 1.4.16
2023-10-29 07:07:55 App is up to date.
2023-10-29 12:24:21 Checking for update using Github
2023-10-29 12:24:21 Success.
2023-10-29 12:24:21 Latest version is 1.4.16
2023-10-29 12:24:21 App is up to date.
2023-10-29 13:24:21 Checking for update using Github
2023-10-29 13:24:21 Success.
2023-10-29 13:24:21 Latest version is 1.4.16
2023-10-29 13:24:21 App is up to date.
2023-10-29 14:24:21 Checking for update using Github
2023-10-29 14:24:21 Success.
2023-10-29 14:24:21 Latest version is 1.4.16
2023-10-29 14:24:21 App is up to date.
2023-10-29 20:22:50 Loading main app package /tmp/.mount_ObsidiVFhkDE/resources/obsidian.asar
2023-10-29 20:22:51 Checking for update using Github
2023-10-29 20:22:51 Success.
2023-10-29 20:22:51 Latest version is 1.4.16
2023-10-29 20:22:51 App is up to date.
2023-10-30 00:14:57 Loading main app package /tmp/.mount_ObsidiqZbj54/resources/obsidian.asar
2023-10-30 00:15:00 Checking for update using Github
2023-10-30 00:15:00 Success.
2023-10-30 00:15:00 Latest version is 1.4.16
2023-10-30 00:15:00 App is up to date.
2023-10-30 14:36:33 Checking for update using Github
2023-10-30 14:36:33 Success.
2023-10-30 14:36:33 Latest version is 1.4.16
2023-10-30 14:36:33 App is up to date.
2023-10-30 15:57:57 Checking for update using Github
2023-10-30 15:57:58 Success.
2023-10-30 15:57:58 Latest version is 1.4.16
2023-10-30 15:57:58 App is up to date.
2023-10-30 16:57:57 Checking for update using Github
2023-10-30 16:57:58 Success.
2023-10-30 16:57:58 Latest version is 1.4.16
2023-10-30 16:57:58 App is up to date.
2023-10-30 17:25:59 Loading main app package /tmp/.mount_ObsidiAMwMew/resources/obsidian.asar
2023-10-30 17:26:00 Checking for update using Github
2023-10-30 17:26:05 Success.
2023-10-30 17:26:05 Latest version is 1.4.16
2023-10-30 17:26:05 App is up to date.
2023-10-30 18:25:59 Checking for update using Github
2023-10-30 18:26:22 Failed to check for update using Github (net::ERR_NAME_NOT_RESOLVED)
2023-10-30 18:26:22 Checking for update using obsidian.md
2023-10-30 18:26:25 Failed to check for update using obsidian.md (net::ERR_INTERNET_DISCONNECTED)
2023-10-30 19:53:10 Checking for update using Github
2023-10-30 19:53:10 Success.
2023-10-30 19:53:10 Latest version is 1.4.16
2023-10-30 19:53:10 App is up to date.
2023-10-30 20:53:10 Checking for update using Github
2023-10-30 20:53:11 Success.
2023-10-30 20:53:11 Latest version is 1.4.16
2023-10-30 20:53:11 App is up to date.
2023-10-30 21:53:10 Checking for update using Github
2023-10-30 21:53:11 Success.
2023-10-30 21:53:11 Latest version is 1.4.16
2023-10-30 21:53:11 App is up to date.
2023-10-30 22:53:11 Checking for update using Github
2023-10-30 22:53:11 Success.
2023-10-30 22:53:11 Latest version is 1.4.16
2023-10-30 22:53:11 App is up to date.
2023-10-31 00:01:23 Loading main app package /tmp/.mount_ObsidiW8y0MG/resources/obsidian.asar
2023-10-31 00:01:24 Checking for update using Github
2023-10-31 09:57:19 Checking for update using Github
2023-10-31 09:57:20 Success.
2023-10-31 09:57:20 Latest version is 1.4.16
2023-10-31 09:57:20 App is up to date.
2023-10-31 10:57:19 Checking for update using Github
2023-10-31 10:57:19 Success.
2023-10-31 10:57:19 Latest version is 1.4.16
2023-10-31 10:57:19 App is up to date.
2023-10-31 11:57:19 Checking for update using Github
2023-10-31 11:57:20 Success.
2023-10-31 11:57:20 Latest version is 1.4.16
2023-10-31 11:57:20 App is up to date.
2023-10-31 13:43:35 Checking for update using Github
2023-10-31 13:43:35 Success.
2023-10-31 13:43:35 Latest version is 1.4.16
2023-10-31 13:43:35 App is up to date.
2023-10-31 14:40:45 Loading main app package /tmp/.mount_ObsidiUjfe9y/resources/obsidian.asar
2023-10-31 14:40:45 Checking for update using Github
2023-10-31 14:40:45 Success.
2023-10-31 14:40:45 Latest version is 1.4.16
2023-10-31 14:40:45 App is up to date.
2023-10-31 15:40:45 Checking for update using Github
2023-10-31 15:40:45 Success.
2023-10-31 15:40:45 Latest version is 1.4.16
2023-10-31 15:40:45 App is up to date.
2023-11-01 13:07:53 Loading main app package /tmp/.mount_ObsidiiGgoWB/resources/obsidian.asar
2023-11-01 13:07:54 Checking for update using Github
2023-11-01 13:07:54 Success.
2023-11-01 13:07:54 Latest version is 1.4.16
2023-11-01 13:07:54 App is up to date.
2023-11-01 14:07:54 Checking for update using Github
2023-11-01 14:07:54 Success.
2023-11-01 14:07:54 Latest version is 1.4.16
2023-11-01 14:07:54 App is up to date.
2023-11-01 15:07:54 Checking for update using Github
2023-11-01 15:07:54 Success.
2023-11-01 15:07:54 Latest version is 1.4.16
2023-11-01 15:07:54 App is up to date.
2023-11-01 16:07:54 Checking for update using Github
2023-11-01 16:07:54 Success.
2023-11-01 16:07:54 Latest version is 1.4.16
2023-11-01 16:07:54 App is up to date.
2023-11-01 17:07:54 Checking for update using Github
2023-11-01 17:07:54 Success.
2023-11-01 17:07:54 Latest version is 1.4.16
2023-11-01 17:07:54 App is up to date.
2023-11-02 00:09:39 Checking for update using Github
2023-11-02 00:09:39 Success.
2023-11-02 00:09:39 Latest version is 1.4.16
2023-11-02 00:09:39 App is up to date.
2023-11-02 01:09:39 Checking for update using Github
2023-11-02 01:09:39 Success.
2023-11-02 01:09:39 Latest version is 1.4.16
2023-11-02 01:09:39 App is up to date.
2023-11-02 01:16:00 Loading main app package /tmp/.mount_Obsidiuhdlvk/resources/obsidian.asar
2023-11-02 01:16:01 Checking for update using Github
2023-11-02 01:16:01 Success.
2023-11-02 01:16:01 Latest version is 1.4.16
2023-11-02 01:16:01 App is up to date.
2023-11-02 02:16:00 Checking for update using Github
2023-11-02 02:16:00 Success.
2023-11-02 02:16:00 Latest version is 1.4.16
2023-11-02 02:16:00 App is up to date.
2023-11-04 15:56:52 Loading main app package /tmp/.mount_ObsidieBNmYC/resources/obsidian.asar
2023-11-04 15:56:52 Checking for update using Github
2023-11-04 15:56:53 Success.
2023-11-04 15:56:53 Latest version is 1.4.16
2023-11-04 15:56:53 App is up to date.
2023-11-04 16:56:52 Checking for update using Github
2023-11-04 16:56:52 Success.
2023-11-04 16:56:52 Latest version is 1.4.16
2023-11-04 16:56:52 App is up to date.
2023-11-04 17:56:52 Checking for update using Github
2023-11-04 17:56:52 Success.
2023-11-04 17:56:52 Latest version is 1.4.16
2023-11-04 17:56:52 App is up to date.
2023-11-04 18:56:52 Checking for update using Github
2023-11-04 18:56:52 Success.
2023-11-04 18:56:52 Latest version is 1.4.16
2023-11-04 18:56:52 App is up to date.
2023-11-04 23:15:13 Checking for update using Github
2023-11-04 23:57:39 Loading main app package /tmp/.mount_ObsidiMTCHBM/resources/obsidian.asar
2023-11-04 23:57:39 Checking for update using Github
2023-11-04 23:57:39 Success.
2023-11-04 23:57:39 Latest version is 1.4.16
2023-11-04 23:57:39 App is up to date.
2023-11-05 00:57:39 Checking for update using Github
2023-11-05 00:57:39 Success.
2023-11-05 00:57:39 Latest version is 1.4.16
2023-11-05 00:57:39 App is up to date.
2023-11-05 02:52:12 Loading main app package /tmp/.mount_ObsidifdXaGi/resources/obsidian.asar
2023-11-05 02:52:14 Checking for update using Github
2023-11-05 02:52:15 Success.
2023-11-05 02:52:15 Latest version is 1.4.16
2023-11-05 02:52:15 App is up to date.
2023-11-05 03:52:12 Checking for update using Github
2023-11-05 03:52:12 Success.
2023-11-05 03:52:12 Latest version is 1.4.16
2023-11-05 03:52:12 App is up to date.
2023-11-05 04:52:12 Checking for update using Github
2023-11-05 04:52:12 Success.
2023-11-05 04:52:12 Latest version is 1.4.16
2023-11-05 04:52:12 App is up to date.
2023-11-05 14:36:26 Checking for update using Github
2023-11-05 14:36:26 Success.
2023-11-05 14:36:26 Latest version is 1.4.16
2023-11-05 14:36:26 App is up to date.
2023-11-05 16:06:28 Checking for update using Github
2023-11-05 16:06:29 Success.
2023-11-05 16:06:29 Latest version is 1.4.16
2023-11-05 16:06:29 App is up to date.
2023-11-05 17:06:28 Checking for update using Github
2023-11-05 17:06:29 Success.
2023-11-05 17:06:29 Latest version is 1.4.16
2023-11-05 17:06:29 App is up to date.
2023-11-06 03:45:39 Loading main app package /tmp/.mount_ObsidisAu9Io/resources/obsidian.asar
2023-11-06 03:45:40 Checking for update using Github
2023-11-06 03:45:40 Success.
2023-11-06 03:45:40 Latest version is 1.4.16
2023-11-06 03:45:40 App is up to date.
2023-11-06 04:45:39 Checking for update using Github
2023-11-06 04:45:40 Success.
2023-11-06 04:45:40 Latest version is 1.4.16
2023-11-06 04:45:40 App is up to date.
2023-11-06 05:45:40 Checking for update using Github
2023-11-06 05:45:40 Success.
2023-11-06 05:45:40 Latest version is 1.4.16
2023-11-06 05:45:40 App is up to date.
2023-11-06 13:37:04 Checking for update using Github
2023-11-06 13:37:04 Success.
2023-11-06 13:37:04 Latest version is 1.4.16
2023-11-06 13:37:04 App is up to date.
2023-11-06 15:00:01 Checking for update using Github
2023-11-06 15:00:01 Success.
2023-11-06 15:00:01 Latest version is 1.4.16
2023-11-06 15:00:01 App is up to date.
2023-11-06 16:09:53 Checking for update using Github
2023-11-06 16:09:53 Success.
2023-11-06 16:09:53 Latest version is 1.4.16
2023-11-06 16:09:53 App is up to date.
2023-11-06 17:46:07 Checking for update using Github
2023-11-06 17:46:07 Success.
2023-11-06 17:46:07 Latest version is 1.4.16
2023-11-06 17:46:07 App is up to date.
2023-11-06 18:46:07 Checking for update using Github
2023-11-06 18:46:07 Success.
2023-11-06 18:46:07 Latest version is 1.4.16
2023-11-06 18:46:07 App is up to date.
2023-11-06 19:46:07 Checking for update using Github
2023-11-06 19:46:07 Success.
2023-11-06 19:46:07 Latest version is 1.4.16
2023-11-06 19:46:07 App is up to date.
2023-11-06 20:46:07 Checking for update using Github
2023-11-06 20:46:08 Success.
2023-11-06 20:46:08 Latest version is 1.4.16
2023-11-06 20:46:08 App is up to date.
2023-11-06 21:46:07 Checking for update using Github
2023-11-06 21:46:07 Success.
2023-11-06 21:46:07 Latest version is 1.4.16
2023-11-06 21:46:07 App is up to date.
2023-11-06 22:46:07 Checking for update using Github
2023-11-06 22:46:08 Success.
2023-11-06 22:46:08 Latest version is 1.4.16
2023-11-06 22:46:08 App is up to date.
2023-11-07 00:47:47 Checking for update using Github
2023-11-07 00:47:47 Success.
2023-11-07 00:47:47 Latest version is 1.4.16
2023-11-07 00:47:47 App is up to date.
2023-11-07 04:39:12 Checking for update using Github
2023-11-07 04:39:12 Success.
2023-11-07 04:39:12 Latest version is 1.4.16
2023-11-07 04:39:12 App is up to date.
2023-11-07 13:35:59 Checking for update using Github
2023-11-07 13:36:05 Success.
2023-11-07 13:36:05 Latest version is 1.4.16
2023-11-07 13:36:05 App is up to date.
2023-11-07 21:17:00 Loading main app package /tmp/.mount_Obsidis9Ow4y/resources/obsidian.asar
2023-11-07 21:17:00 Checking for update using Github
2023-11-07 21:17:01 Success.
2023-11-07 21:17:01 Latest version is 1.4.16
2023-11-07 21:17:01 App is up to date.
2023-11-07 22:30:57 Checking for update using Github
2023-11-07 22:30:58 Success.
2023-11-07 22:30:58 Latest version is 1.4.16
2023-11-07 22:30:58 App is up to date.
2023-11-08 00:53:20 Checking for update using Github
2023-11-08 00:53:22 Success.
2023-11-08 00:53:22 Latest version is 1.4.16
2023-11-08 00:53:22 App is up to date.
2023-11-08 04:19:43 Checking for update using Github
2023-11-08 04:19:43 Success.
2023-11-08 04:19:43 Latest version is 1.4.16
2023-11-08 04:19:43 App is up to date.
2023-11-08 04:45:21 Loading main app package /tmp/.mount_ObsidiIJALiV/resources/obsidian.asar
2023-11-08 04:45:21 Checking for update using Github
2023-11-08 04:45:22 Success.
2023-11-08 04:45:22 Latest version is 1.4.16
2023-11-08 04:45:22 App is up to date.
2023-11-08 04:45:36 Loading main app package /tmp/.mount_Obsidi5FtBFX/resources/obsidian.asar
2023-11-08 04:45:37 Checking for update using Github
2023-11-08 04:45:37 Success.
2023-11-08 04:45:37 Latest version is 1.4.16
2023-11-08 04:45:37 App is up to date.
2023-11-08 04:48:47 Loading main app package /tmp/.mount_Obsidin7uGn9/resources/obsidian.asar
2023-11-08 04:48:47 Checking for update using Github
2023-11-08 04:48:47 Success.
2023-11-08 04:48:47 Latest version is 1.4.16
2023-11-08 04:48:47 App is up to date.
2023-11-08 04:54:50 Loading main app package /tmp/.mount_ObsidiZ2pgUg/resources/obsidian.asar
2023-11-08 04:54:50 Checking for update using Github
2023-11-08 04:55:40 Loading main app package /tmp/.mount_ObsidiKYYBRA/resources/obsidian.asar
2023-11-08 04:55:40 Checking for update using Github
2023-11-08 04:55:41 Success.
2023-11-08 04:55:41 Latest version is 1.4.16
2023-11-08 04:55:41 App is up to date.
2023-11-08 05:57:48 Checking for update using Github
2023-11-08 05:57:48 Success.
2023-11-08 05:57:48 Latest version is 1.4.16
2023-11-08 05:57:48 App is up to date.
2023-11-08 07:36:13 Checking for update using Github
2023-11-08 07:36:13 Success.
2023-11-08 07:36:13 Latest version is 1.4.16
2023-11-08 07:36:13 App is up to date.
2023-11-08 14:54:15 Checking for update using Github
2023-11-08 14:54:15 Success.
2023-11-08 14:54:15 Latest version is 1.4.16
2023-11-08 14:54:15 App is up to date.
2023-11-08 16:32:49 Loading main app package /tmp/.mount_ObsidiOzjGfl/resources/obsidian.asar
2023-11-08 16:32:49 Checking for update using Github
2023-11-08 16:33:14 Loading main app package /tmp/.mount_ObsidiPRJGR3/resources/obsidian.asar
2023-11-08 16:33:14 Checking for update using Github
2023-11-08 16:33:20 Loading main app package /tmp/.mount_ObsidiZF1shb/resources/obsidian.asar
2023-11-08 16:33:20 Checking for update using Github
2023-11-08 17:06:32 Checking for update using Github
2023-11-08 17:06:33 Success.
2023-11-08 17:06:33 Latest version is 1.4.16
2023-11-08 17:06:33 App is up to date.
2023-11-08 18:52:11 Checking for update using Github
2023-11-08 18:52:11 Success.
2023-11-08 18:52:11 Latest version is 1.4.16
2023-11-08 18:52:11 App is up to date.
2023-11-08 19:52:11 Checking for update using Github
2023-11-08 19:52:11 Success.
2023-11-08 19:52:11 Latest version is 1.4.16
2023-11-08 19:52:11 App is up to date.
2023-11-08 20:52:11 Checking for update using Github
2023-11-08 20:52:11 Success.
2023-11-08 20:52:11 Latest version is 1.4.16
2023-11-08 20:52:11 App is up to date.
2023-11-08 21:52:11 Checking for update using Github
2023-11-08 21:52:12 Success.
2023-11-08 21:52:12 Latest version is 1.4.16
2023-11-08 21:52:12 App is up to date.
2023-11-08 22:52:11 Checking for update using Github
2023-11-08 22:52:12 Success.
2023-11-08 22:52:12 Latest version is 1.4.16
2023-11-08 22:52:12 App is up to date.
2023-11-09 03:46:24 Checking for update using Github
2023-11-09 03:46:25 Success.
2023-11-09 03:46:25 Latest version is 1.4.16
2023-11-09 03:46:25 App is up to date.
2023-11-09 04:46:24 Checking for update using Github
2023-11-09 04:46:25 Success.
2023-11-09 04:46:25 Latest version is 1.4.16
2023-11-09 04:46:25 App is up to date.
2023-11-10 14:21:35 Loading main app package /tmp/.mount_ObsidiZtPbCv/resources/obsidian.asar
2023-11-10 14:21:35 Checking for update using Github
2023-11-10 14:21:36 Success.
2023-11-10 14:21:36 Latest version is 1.4.16
2023-11-10 14:21:36 App is up to date.
2023-11-10 15:21:35 Checking for update using Github
2023-11-10 15:21:36 Success.
2023-11-10 15:21:36 Latest version is 1.4.16
2023-11-10 15:21:36 App is up to date.
2023-11-10 15:30:14 Loading main app package /tmp/.mount_ObsidiyWRiZH/resources/obsidian.asar
2023-11-10 15:30:15 Checking for update using Github
2023-11-10 15:30:16 Success.
2023-11-10 15:30:16 Latest version is 1.4.16
2023-11-10 15:30:16 App is up to date.
2023-11-10 16:30:12 Checking for update using Github
2023-11-10 16:30:13 Success.
2023-11-10 16:30:13 Latest version is 1.4.16
2023-11-10 16:30:13 App is up to date.
2023-11-10 17:30:12 Checking for update using Github
2023-11-10 17:30:12 Success.
2023-11-10 17:30:12 Latest version is 1.4.16
2023-11-10 17:30:12 App is up to date.
2023-11-10 18:30:12 Checking for update using Github
2023-11-10 18:30:13 Success.
2023-11-10 18:30:13 Latest version is 1.4.16
2023-11-10 18:30:13 App is up to date.
2023-11-11 15:45:06 Loading main app package /tmp/.mount_ObsidiqphJi3/resources/obsidian.asar
2023-11-11 15:45:06 Checking for update using Github
2023-11-11 15:45:06 Success.
2023-11-11 15:45:06 Latest version is 1.4.16
2023-11-11 15:45:06 App is up to date.
2023-11-11 16:45:06 Checking for update using Github
2023-11-11 16:45:06 Success.
2023-11-11 16:45:06 Latest version is 1.4.16
2023-11-11 16:45:06 App is up to date.
2023-11-12 04:21:34 Loading main app package /tmp/.mount_Obsidia9mBbm/resources/obsidian.asar
2023-11-12 04:21:35 Checking for update using Github
2023-11-12 04:21:35 Success.
2023-11-12 04:21:35 Latest version is 1.4.16
2023-11-12 04:21:35 App is up to date.
2023-11-12 04:24:35 Loading main app package /tmp/.mount_ObsidimLxTXY/resources/obsidian.asar
2023-11-12 04:24:35 Checking for update using Github
2023-11-12 04:24:35 Success.
2023-11-12 04:24:35 Latest version is 1.4.16
2023-11-12 04:24:35 App is up to date.
2023-11-12 04:32:21 Loading main app package /tmp/.mount_Obsidi3xHFSZ/resources/obsidian.asar
2023-11-12 04:32:21 Checking for update using Github
2023-11-12 04:32:22 Success.
2023-11-12 04:32:22 Latest version is 1.4.16
2023-11-12 04:32:22 App is up to date.
2023-11-12 04:32:32 Loading main app package /tmp/.mount_ObsidiN94D0X/resources/obsidian.asar
2023-11-12 04:32:33 Checking for update using Github
2023-11-12 04:32:33 Success.
2023-11-12 04:32:33 Latest version is 1.4.16
2023-11-12 04:32:33 App is up to date.
2023-11-12 04:32:55 Loading main app package /tmp/.mount_ObsidiJ7JkYq/resources/obsidian.asar
2023-11-12 04:32:55 Checking for update using Github
2023-11-12 04:32:56 Success.
2023-11-12 04:32:56 Latest version is 1.4.16
2023-11-12 04:32:56 App is up to date.
2023-11-12 04:34:27 Loading main app package /tmp/.mount_ObsidiPbfjoq/resources/obsidian.asar
2023-11-12 04:34:27 Checking for update using Github
2023-11-12 04:34:27 Success.
2023-11-12 04:34:27 Latest version is 1.4.16
2023-11-12 04:34:27 App is up to date.
2023-11-12 04:42:57 Loading main app package /tmp/.mount_ObsidijEKHf4/resources/obsidian.asar
2023-11-12 04:42:58 Checking for update using Github
2023-11-12 04:42:58 Success.
2023-11-12 04:42:58 Latest version is 1.4.16
2023-11-12 04:42:58 App is up to date.
2023-11-12 04:43:05 Loading main app package /opt/Obsidian/resources/obsidian.asar
2023-11-12 04:43:05 Checking for update using Github
2023-11-12 04:43:05 Success.
2023-11-12 04:43:05 Latest version is 1.4.16
2023-11-12 04:43:05 App is up to date.
2023-11-12 18:05:52 Loading main app package /opt/Obsidian/resources/obsidian.asar
2023-11-12 18:05:53 Checking for update using Github
2023-11-12 18:05:53 Success.
2023-11-12 18:05:53 Latest version is 1.4.16
2023-11-12 18:05:53 App is up to date.
2023-11-12 22:09:21 Checking for update using Github
2023-11-13 17:13:17 Loading main app package /opt/Obsidian/resources/obsidian.asar
2023-11-13 17:13:17 Checking for update using Github
2023-11-13 17:13:17 Success.
2023-11-13 17:13:17 Latest version is 1.4.16
2023-11-13 17:13:17 App is up to date.
2023-11-13 18:43:16 Checking for update using Github
2023-11-13 18:43:16 Success.
2023-11-13 18:43:16 Latest version is 1.4.16
2023-11-13 18:43:16 App is up to date.
2023-11-13 19:43:16 Checking for update using Github
2023-11-13 19:43:16 Success.
2023-11-13 19:43:16 Latest version is 1.4.16
2023-11-13 19:43:16 App is up to date.
2023-11-13 20:43:16 Checking for update using Github
2023-11-13 20:43:16 Success.
2023-11-13 20:43:16 Latest version is 1.4.16
2023-11-13 20:43:16 App is up to date.
2023-11-14 15:52:07 Loading main app package /opt/Obsidian/resources/obsidian.asar
2023-11-14 15:52:08 Checking for update using Github
2023-11-14 15:52:08 Success.
2023-11-14 15:52:08 Latest version is 1.4.16
2023-11-14 15:52:08 App is up to date.
2023-11-14 16:52:08 Checking for update using Github
2023-11-14 16:52:08 Success.
2023-11-14 16:52:08 Latest version is 1.4.16
2023-11-14 16:52:08 App is up to date.
2023-11-14 19:12:20 Checking for update using Github
2023-11-14 19:12:21 Success.
2023-11-14 19:12:21 Latest version is 1.4.16
2023-11-14 19:12:21 App is up to date.
2023-11-14 20:12:20 Checking for update using Github
2023-11-14 20:12:21 Success.
2023-11-14 20:12:21 Latest version is 1.4.16
2023-11-14 20:12:21 App is up to date.
2023-11-14 21:12:20 Checking for update using Github
2023-11-14 21:12:21 Success.
2023-11-14 21:12:21 Latest version is 1.4.16
2023-11-14 21:12:21 App is up to date.
2023-11-14 22:12:20 Checking for update using Github
2023-11-14 22:12:21 Success.
2023-11-14 22:12:21 Latest version is 1.4.16
2023-11-14 22:12:21 App is up to date.
2023-11-14 23:57:12 Checking for update using Github
2023-11-14 23:57:13 Success.
2023-11-14 23:57:13 Latest version is 1.4.16
2023-11-14 23:57:13 App is up to date.
2023-11-15 14:22:47 Checking for update using Github
2023-11-15 14:22:47 Failed to check for update using Github (net::ERR_INTERNET_DISCONNECTED)
2023-11-15 14:22:47 Checking for update using obsidian.md
2023-11-15 14:22:47 Failed to check for update using obsidian.md (net::ERR_INTERNET_DISCONNECTED)
2023-11-15 18:27:52 Checking for update using Github
2023-11-15 18:28:05 Success.
2023-11-15 18:28:05 Latest version is 1.4.16
2023-11-15 18:28:05 App is up to date.
2023-11-15 19:27:54 Checking for update using Github
2023-11-15 19:28:09 Success.
2023-11-15 19:28:09 Latest version is 1.4.16
2023-11-15 19:28:09 App is up to date.
2023-11-15 20:27:54 Checking for update using Github
2023-11-15 20:27:54 Success.
2023-11-15 20:27:54 Latest version is 1.4.16
2023-11-15 20:27:54 App is up to date.
2023-11-15 21:27:54 Checking for update using Github
2023-11-15 21:27:54 Success.
2023-11-15 21:27:54 Latest version is 1.4.16
2023-11-15 21:27:54 App is up to date.
2023-11-15 22:27:54 Checking for update using Github
2023-11-15 22:27:54 Success.
2023-11-15 22:27:54 Latest version is 1.4.16
2023-11-15 22:27:54 App is up to date.
2023-11-16 14:22:45 Loading main app package /opt/Obsidian/resources/obsidian.asar
2023-11-16 14:22:45 Checking for update using Github
2023-11-16 14:22:50 Success.
2023-11-16 14:22:50 Latest version is 1.4.16
2023-11-16 14:22:50 App is up to date.
2023-11-16 15:22:45 Checking for update using Github
2023-11-16 15:22:45 Success.
2023-11-16 15:22:45 Latest version is 1.4.16
2023-11-16 15:22:45 App is up to date.
2023-11-16 15:48:13 Loading main app package /opt/Obsidian/resources/obsidian.asar
2023-11-16 15:48:13 Checking for update using Github
2023-11-16 15:48:24 Success.
2023-11-16 15:48:24 Latest version is 1.4.16
2023-11-16 15:48:24 App is up to date.
2023-11-16 16:48:13 Checking for update using Github
2023-11-16 16:48:13 Success.
2023-11-16 16:48:13 Latest version is 1.4.16
2023-11-16 16:48:13 App is up to date.
2023-11-16 17:48:13 Checking for update using Github
2023-11-16 17:48:13 Success.
2023-11-16 17:48:13 Latest version is 1.4.16
2023-11-16 17:48:13 App is up to date.
2023-11-16 18:48:13 Checking for update using Github
2023-11-16 18:48:13 Success.
2023-11-16 18:48:13 Latest version is 1.4.16
2023-11-16 18:48:13 App is up to date.
2023-11-16 19:48:13 Checking for update using Github
2023-11-16 19:48:13 Success.
2023-11-16 19:48:13 Latest version is 1.4.16
2023-11-16 19:48:13 App is up to date.
2023-11-16 21:16:39 Checking for update using Github
2023-11-16 21:16:39 Success.
2023-11-16 21:16:39 Latest version is 1.4.16
2023-11-16 21:16:39 App is up to date.
2023-11-16 22:16:39 Checking for update using Github
2023-11-16 22:16:39 Success.
2023-11-16 22:16:39 Latest version is 1.4.16
2023-11-16 22:16:39 App is up to date.
2023-11-16 23:16:39 Checking for update using Github
2023-11-16 23:16:39 Success.
2023-11-16 23:16:39 Latest version is 1.4.16
2023-11-16 23:16:39 App is up to date.
2023-11-17 14:30:34 Checking for update using Github
2023-11-17 14:30:34 Success.
2023-11-17 14:30:34 Latest version is 1.4.16
2023-11-17 14:30:34 App is up to date.
2023-11-17 16:14:05 Checking for update using Github
2023-11-17 16:14:06 Success.
2023-11-17 16:14:06 Latest version is 1.4.16
2023-11-17 16:14:06 App is up to date.
2023-11-17 18:21:45 Checking for update using Github
2023-11-17 18:21:45 Success.
2023-11-17 18:21:45 Latest version is 1.4.16
2023-11-17 18:21:45 App is up to date.
2023-11-17 19:21:45 Checking for update using Github
2023-11-17 19:21:45 Success.
2023-11-17 19:21:45 Latest version is 1.4.16
2023-11-17 19:21:45 App is up to date.
2023-11-17 20:21:45 Checking for update using Github
2023-11-17 20:21:45 Success.
2023-11-17 20:21:45 Latest version is 1.4.16
2023-11-17 20:21:45 App is up to date.
2023-11-17 21:21:45 Checking for update using Github
2023-11-17 21:21:45 Success.
2023-11-17 21:21:45 Latest version is 1.4.16
2023-11-17 21:21:45 App is up to date.
2023-11-17 23:00:48 Checking for update using Github
2023-11-17 23:00:49 Success.
2023-11-17 23:00:49 Latest version is 1.4.16
2023-11-17 23:00:49 App is up to date.
2023-11-18 14:13:29 Checking for update using Github
2023-11-18 14:32:01 Loading main app package /opt/Obsidian/resources/obsidian.asar
2023-11-18 14:32:22 Checking for update using Github
2023-11-18 14:32:22 Success.
2023-11-18 14:32:22 Latest version is 1.4.16
2023-11-18 14:32:22 App is up to date.
2023-11-18 15:32:01 Checking for update using Github
2023-11-18 15:32:02 Success.
2023-11-18 15:32:02 Latest version is 1.4.16
2023-11-18 15:32:02 App is up to date.
2023-11-18 16:30:43 Loading main app package /opt/Obsidian/resources/obsidian.asar
2023-11-18 16:30:43 Checking for update using Github
2023-11-18 16:30:44 Success.
2023-11-18 16:30:44 Latest version is 1.4.16
2023-11-18 16:30:44 App is up to date.
2023-11-18 17:30:43 Checking for update using Github
2023-11-18 17:30:44 Success.
2023-11-18 17:30:44 Latest version is 1.4.16
2023-11-18 17:30:44 App is up to date.
2023-11-18 18:30:43 Checking for update using Github
2023-11-18 18:30:44 Success.
2023-11-18 18:30:44 Latest version is 1.4.16
2023-11-18 18:30:44 App is up to date.
2023-11-18 18:57:26 Loading main app package /opt/Obsidian/resources/obsidian.asar
2023-11-18 18:57:46 Checking for update using Github
2023-11-18 18:57:47 Success.
2023-11-18 18:57:47 Latest version is 1.4.16
2023-11-18 18:57:47 App is up to date.
2023-11-18 19:57:26 Checking for update using Github
2023-11-18 19:57:26 Success.
2023-11-18 19:57:26 Latest version is 1.4.16
2023-11-18 19:57:26 App is up to date.
2023-11-18 21:42:33 Checking for update using Github
2023-11-18 21:42:34 Success.
2023-11-18 21:42:34 Latest version is 1.4.16
2023-11-18 21:42:34 App is up to date.
2023-11-19 21:01:29 Loading main app package /opt/Obsidian/resources/obsidian.asar
2023-11-19 21:01:29 Checking for update using Github
2023-11-19 21:01:30 Success.
2023-11-19 21:01:30 Latest version is 1.4.16
2023-11-19 21:01:30 App is up to date.
2023-11-19 21:14:51 Loading main app package /opt/Obsidian/resources/obsidian.asar
2023-11-19 21:14:51 Checking for update using Github
2023-11-19 22:01:29 Checking for update using Github
2023-11-19 22:01:30 Success.
2023-11-19 22:01:30 Latest version is 1.4.16
2023-11-19 22:01:30 App is up to date.
2023-11-19 23:01:29 Checking for update using Github
2023-11-19 23:01:30 Success.
2023-11-19 23:01:30 Latest version is 1.4.16
2023-11-19 23:01:30 App is up to date.
2023-11-19 23:57:10 Loading main app package /opt/Obsidian/resources/obsidian.asar
2023-11-19 23:57:10 Checking for update using Github
2023-11-19 23:57:10 Success.
2023-11-19 23:57:10 Latest version is 1.4.16
2023-11-19 23:57:10 App is up to date.
2023-11-19 23:57:10 Loading main app package /opt/Obsidian/resources/obsidian.asar
2023-11-19 23:57:10 Checking for update using Github
2023-11-20 00:57:19 Checking for update using Github
2023-11-20 00:57:19 Success.
2023-11-20 00:57:19 Latest version is 1.4.16
2023-11-20 00:57:19 App is up to date.
2023-11-20 01:57:19 Checking for update using Github
2023-11-20 01:57:20 Success.
2023-11-20 01:57:20 Latest version is 1.4.16
2023-11-20 01:57:20 App is up to date.
2023-11-20 02:57:27 Checking for update using Github
2023-11-20 02:57:27 Success.
2023-11-20 02:57:27 Latest version is 1.4.16
2023-11-20 02:57:27 App is up to date.
2023-11-20 14:11:53 Checking for update using Github
2023-11-20 14:11:53 Success.
2023-11-20 14:11:53 Latest version is 1.4.16
2023-11-20 14:11:53 App is up to date.
2023-11-20 14:56:57 Loading main app package /opt/Obsidian/resources/obsidian.asar
2023-11-20 14:56:57 Checking for update using Github
2023-11-20 14:56:57 Success.
2023-11-20 14:56:57 Latest version is 1.4.16
2023-11-20 14:56:57 App is up to date.
2023-11-20 15:56:57 Checking for update using Github
2023-11-20 15:56:57 Success.
2023-11-20 15:56:57 Latest version is 1.4.16
2023-11-20 15:56:57 App is up to date.
2023-11-20 16:56:57 Checking for update using Github
2023-11-20 16:56:57 Success.
2023-11-20 16:56:57 Latest version is 1.4.16
2023-11-20 16:56:57 App is up to date.
2023-11-20 17:10:52 Loading main app package /tmp/.mount_Obsidi2fu4gL/resources/obsidian.asar
2023-11-20 17:10:53 Checking for update using Github
2023-11-20 17:56:57 Checking for update using Github
2023-11-20 17:56:57 Success.
2023-11-20 17:56:57 Latest version is 1.4.16
2023-11-20 17:56:57 App is up to date.
2023-11-20 19:42:41 Loading main app package /opt/Obsidian/resources/obsidian.asar
2023-11-20 19:42:41 Checking for update using Github
2023-11-20 19:42:41 Success.
2023-11-20 19:42:41 Latest version is 1.4.16
2023-11-20 19:42:41 App is up to date.
2023-11-20 20:42:41 Checking for update using Github
2023-11-20 20:42:41 Success.
2023-11-20 20:42:41 Latest version is 1.4.16
2023-11-20 20:42:41 App is up to date.
2023-11-20 21:42:41 Checking for update using Github
2023-11-20 21:42:41 Success.
2023-11-20 21:42:41 Latest version is 1.4.16
2023-11-20 21:42:41 App is up to date.
2023-11-20 22:42:41 Checking for update using Github
2023-11-20 22:42:41 Success.
2023-11-20 22:42:41 Latest version is 1.4.16
2023-11-20 22:42:41 App is up to date.
2023-11-20 23:42:41 Checking for update using Github
2023-11-20 23:42:41 Success.
2023-11-20 23:42:41 Latest version is 1.4.16
2023-11-20 23:42:41 App is up to date.
2023-11-21 10:59:18 Checking for update using Github
2023-11-21 10:59:18 Success.
2023-11-21 10:59:18 Latest version is 1.4.16
2023-11-21 10:59:18 App is up to date.
2023-11-21 11:59:18 Checking for update using Github
2023-11-21 11:59:18 Success.
2023-11-21 11:59:18 Latest version is 1.4.16
2023-11-21 11:59:18 App is up to date.
2023-11-21 12:59:27 Checking for update using Github
2023-11-21 12:59:27 Success.
2023-11-21 12:59:27 Latest version is 1.4.16
2023-11-21 12:59:27 App is up to date.
2023-11-21 15:04:02 Checking for update using Github
2023-11-21 15:04:02 Success.
2023-11-21 15:04:02 Latest version is 1.4.16
2023-11-21 15:04:02 App is up to date.
2023-11-21 16:04:02 Checking for update using Github
2023-11-21 16:04:02 Success.
2023-11-21 16:04:02 Latest version is 1.4.16
2023-11-21 16:04:02 App is up to date.
2023-11-21 17:04:02 Checking for update using Github
2023-11-21 17:04:03 Success.
2023-11-21 17:04:03 Latest version is 1.4.16
2023-11-21 17:04:03 App is up to date.
2023-11-21 19:31:05 Checking for update using Github
2023-11-21 19:31:05 Success.
2023-11-21 19:31:05 Latest version is 1.4.16
2023-11-21 19:31:05 App is up to date.
2023-11-22 16:44:39 Loading main app package /opt/Obsidian/resources/obsidian.asar
2023-11-22 16:44:40 Checking for update using Github
2023-11-22 16:44:40 Success.
2023-11-22 16:44:40 Latest version is 1.4.16
2023-11-22 16:44:40 App is up to date.
2023-11-22 17:44:39 Checking for update using Github
2023-11-22 17:44:40 Success.
2023-11-22 17:44:40 Latest version is 1.4.16
2023-11-22 17:44:40 App is up to date.
2023-11-22 21:24:25 Checking for update using Github
2023-11-22 21:24:25 Failed to check for update using Github (net::ERR_FAILED)
2023-11-22 21:24:25 Checking for update using obsidian.md
2023-11-22 21:24:25 Failed to check for update using obsidian.md (net::ERR_FAILED)
2023-11-23 18:41:15 Loading main app package /opt/Obsidian/resources/obsidian.asar
2023-11-23 18:41:15 Checking for update using Github
2023-11-23 18:41:16 Success.
2023-11-23 18:41:16 Latest version is 1.4.16
2023-11-23 18:41:16 App is up to date.
2023-11-23 19:41:15 Checking for update using Github
2023-11-23 19:41:15 Success.
2023-11-23 19:41:15 Latest version is 1.4.16
2023-11-23 19:41:15 App is up to date.
2023-11-23 20:41:15 Checking for update using Github
2023-11-23 20:41:16 Success.
2023-11-23 20:41:16 Latest version is 1.4.16
2023-11-23 20:41:16 App is up to date.
2023-11-23 21:43:40 Checking for update using Github
2023-11-23 21:43:40 Success.
2023-11-23 21:43:40 Latest version is 1.4.16
2023-11-23 21:43:40 App is up to date.
2023-11-23 22:43:40 Checking for update using Github
2023-11-23 22:43:40 Success.
2023-11-23 22:43:40 Latest version is 1.4.16
2023-11-23 22:43:40 App is up to date.
2023-11-23 23:54:46 Checking for update using Github
2023-11-23 23:54:46 Success.
2023-11-23 23:54:46 Latest version is 1.4.16
2023-11-23 23:54:46 App is up to date.
2023-11-24 03:58:58 Checking for update using Github
2023-11-24 03:58:59 Success.
2023-11-24 03:58:59 Latest version is 1.4.16
2023-11-24 03:58:59 App is up to date.
2023-11-24 05:09:01 Loading main app package /opt/Obsidian/resources/obsidian.asar
2023-11-24 05:09:02 Checking for update using Github
2023-11-24 05:09:02 Success.
2023-11-24 05:09:02 Latest version is 1.4.16
2023-11-24 05:09:02 App is up to date.
2023-11-24 06:09:01 Checking for update using Github
2023-11-24 06:09:02 Success.
2023-11-24 06:09:02 Latest version is 1.4.16
2023-11-24 06:09:02 App is up to date.
2023-11-24 13:45:10 Checking for update using Github
2023-11-24 13:45:10 Success.
2023-11-24 13:45:10 Latest version is 1.4.16
2023-11-24 13:45:10 App is up to date.
2023-11-24 14:45:10 Checking for update using Github
2023-11-24 14:45:10 Success.
2023-11-24 14:45:10 Latest version is 1.4.16
2023-11-24 14:45:10 App is up to date.
2023-11-24 15:45:10 Checking for update using Github
2023-11-24 15:45:10 Success.
2023-11-24 15:45:10 Latest version is 1.4.16
2023-11-24 15:45:10 App is up to date.
2023-11-24 16:45:10 Checking for update using Github
2023-11-24 16:45:10 Success.
2023-11-24 16:45:10 Latest version is 1.4.16
2023-11-24 16:45:10 App is up to date.
2023-11-24 17:45:10 Checking for update using Github
2023-11-24 17:45:10 Success.
2023-11-24 17:45:10 Latest version is 1.4.16
2023-11-24 17:45:10 App is up to date.
2023-11-24 18:45:10 Checking for update using Github
2023-11-24 18:45:10 Success.
2023-11-24 18:45:10 Latest version is 1.4.16
2023-11-24 18:45:10 App is up to date.
2023-11-24 22:16:45 Checking for update using Github
2023-11-24 22:16:45 Success.
2023-11-24 22:16:45 Latest version is 1.4.16
2023-11-24 22:16:45 App is up to date.
2023-11-25 03:33:45 Checking for update using Github
2023-11-25 03:33:45 Success.
2023-11-25 03:33:45 Latest version is 1.4.16
2023-11-25 03:33:45 App is up to date.
2023-11-25 11:46:53 Loading main app package /opt/Obsidian/resources/obsidian.asar
2023-11-25 11:46:54 Checking for update using Github
2023-11-25 11:46:54 Success.
2023-11-25 11:46:54 Latest version is 1.4.16
2023-11-25 11:46:54 App is up to date.
2023-11-25 15:16:59 Checking for update using Github
2023-11-25 15:16:59 Success.
2023-11-25 15:16:59 Latest version is 1.4.16
2023-11-25 15:16:59 App is up to date.
2023-11-25 16:16:59 Checking for update using Github
2023-11-25 16:16:59 Success.
2023-11-25 16:16:59 Latest version is 1.4.16
2023-11-25 16:16:59 App is up to date.
2023-11-25 17:16:59 Checking for update using Github
2023-11-25 17:16:59 Success.
2023-11-25 17:16:59 Latest version is 1.4.16
2023-11-25 17:16:59 App is up to date.
2023-11-25 19:12:59 Checking for update using Github
2023-11-25 19:12:59 Success.
2023-11-25 19:12:59 Latest version is 1.4.16
2023-11-25 19:12:59 App is up to date.
2023-11-25 20:48:58 Loading main app package /opt/Obsidian/resources/obsidian.asar
2023-11-25 20:48:58 Checking for update using Github
2023-11-25 20:48:58 Success.
2023-11-25 20:48:58 Latest version is 1.4.16
2023-11-25 20:48:58 App is up to date.
2023-11-25 22:45:26 Checking for update using Github
2023-11-25 22:45:26 Success.
2023-11-25 22:45:26 Latest version is 1.4.16
2023-11-25 22:45:26 App is up to date.
2023-11-25 23:45:26 Checking for update using Github
2023-11-25 23:45:27 Success.
2023-11-25 23:45:27 Latest version is 1.4.16
2023-11-25 23:45:27 App is up to date.
2023-11-26 00:45:27 Checking for update using Github
2023-11-26 00:45:27 Success.
2023-11-26 00:45:27 Latest version is 1.4.16
2023-11-26 00:45:27 App is up to date.
2023-11-26 01:45:27 Checking for update using Github
2023-11-26 01:45:27 Success.
2023-11-26 01:45:27 Latest version is 1.4.16
2023-11-26 01:45:27 App is up to date.
2023-11-26 02:45:27 Checking for update using Github
2023-11-26 02:45:27 Success.
2023-11-26 02:45:27 Latest version is 1.4.16
2023-11-26 02:45:27 App is up to date.
2023-11-26 06:31:52 Checking for update using Github
2023-11-26 06:31:52 Success.
2023-11-26 06:31:52 Latest version is 1.4.16
2023-11-26 06:31:52 App is up to date.
2023-11-26 13:56:18 Checking for update using Github
2023-11-26 13:56:19 Success.
2023-11-26 13:56:19 Latest version is 1.4.16
2023-11-26 13:56:19 App is up to date.
2023-11-26 14:56:18 Checking for update using Github
2023-11-26 14:56:19 Success.
2023-11-26 14:56:19 Latest version is 1.4.16
2023-11-26 14:56:19 App is up to date.
2023-11-26 15:56:18 Checking for update using Github
2023-11-26 15:56:19 Success.
2023-11-26 15:56:19 Latest version is 1.4.16
2023-11-26 15:56:19 App is up to date.
2023-11-26 17:37:24 Checking for update using Github
2023-11-26 17:37:24 Success.
2023-11-26 17:37:24 Latest version is 1.4.16
2023-11-26 17:37:24 App is up to date.
2023-11-26 18:37:24 Checking for update using Github
2023-11-26 18:37:25 Success.
2023-11-26 18:37:25 Latest version is 1.4.16
2023-11-26 18:37:25 App is up to date.
2023-11-26 19:37:24 Checking for update using Github
2023-11-26 19:37:25 Success.
2023-11-26 19:37:25 Latest version is 1.4.16
2023-11-26 19:37:25 App is up to date.
2023-11-26 22:32:01 Checking for update using Github
2023-11-26 22:32:02 Success.
2023-11-26 22:32:02 Latest version is 1.4.16
2023-11-26 22:32:02 App is up to date.
2023-11-27 02:17:02 Checking for update using Github
2023-11-27 02:17:02 Success.
2023-11-27 02:17:02 Latest version is 1.4.16
2023-11-27 02:17:02 App is up to date.
2023-11-27 03:17:02 Checking for update using Github
2023-11-27 03:17:03 Success.
2023-11-27 03:17:03 Latest version is 1.4.16
2023-11-27 03:17:03 App is up to date.
2023-11-27 13:39:20 Checking for update using Github
2023-11-27 13:39:20 Success.
2023-11-27 13:39:20 Latest version is 1.4.16
2023-11-27 13:39:20 App is up to date.
2023-11-27 14:39:20 Checking for update using Github
2023-11-27 14:39:20 Success.
2023-11-27 14:39:20 Latest version is 1.4.16
2023-11-27 14:39:20 App is up to date.
2023-11-27 15:39:20 Checking for update using Github
2023-11-27 15:39:20 Success.
2023-11-27 15:39:20 Latest version is 1.4.16
2023-11-27 15:39:20 App is up to date.
2023-11-27 16:55:00 Checking for update using Github
2023-11-27 16:55:01 Success.
2023-11-27 16:55:01 Latest version is 1.4.16
2023-11-27 16:55:01 App is up to date.
2023-11-27 22:55:08 Loading main app package /opt/Obsidian/resources/obsidian.asar
2023-11-27 22:55:08 Checking for update using Github
2023-11-27 22:55:08 Success.
2023-11-27 22:55:08 Latest version is 1.4.16
2023-11-27 22:55:08 App is up to date.
2023-11-27 23:55:08 Checking for update using Github
2023-11-27 23:55:08 Success.
2023-11-27 23:55:08 Latest version is 1.4.16
2023-11-27 23:55:08 App is up to date.
2023-11-28 03:11:54 Loading main app package /opt/Obsidian/resources/obsidian.asar
2023-11-28 03:11:54 Checking for update using Github
2023-11-28 03:11:55 Success.
2023-11-28 03:11:55 Latest version is 1.4.16
2023-11-28 03:11:55 App is up to date.
2023-11-28 04:11:51 Checking for update using Github
2023-11-28 04:11:51 Success.
2023-11-28 04:11:51 Latest version is 1.4.16
2023-11-28 04:11:51 App is up to date.
2023-11-28 05:11:51 Checking for update using Github
2023-11-28 05:11:51 Success.
2023-11-28 05:11:51 Latest version is 1.4.16
2023-11-28 05:11:51 App is up to date.
2023-11-28 15:02:00 Checking for update using Github
2023-11-28 15:02:00 Success.
2023-11-28 15:02:00 Latest version is 1.4.16
2023-11-28 15:02:00 App is up to date.
2023-11-28 16:02:00 Checking for update using Github
2023-11-28 16:02:00 Success.
2023-11-28 16:02:00 Latest version is 1.4.16
2023-11-28 16:02:00 App is up to date.
2023-11-28 18:33:21 Checking for update using Github
2023-11-28 18:33:22 Success.
2023-11-28 18:33:22 Latest version is 1.4.16
2023-11-28 18:33:22 App is up to date.
2023-11-29 01:07:19 Loading main app package /opt/Obsidian/resources/obsidian.asar
2023-11-29 01:07:20 Checking for update using Github
2023-11-29 01:07:20 Failed to check for update using Github (net::ERR_INTERNET_DISCONNECTED)
2023-11-29 01:07:20 Checking for update using obsidian.md
2023-11-29 01:07:20 Failed to check for update using obsidian.md (net::ERR_INTERNET_DISCONNECTED)
2023-11-29 03:55:25 Checking for update using Github
2023-11-29 03:55:25 Success.
2023-11-29 03:55:25 Latest version is 1.4.16
2023-11-29 03:55:25 App is up to date.
2023-11-29 19:49:02 Loading main app package /opt/Obsidian/resources/obsidian.asar
2023-11-29 19:49:02 Checking for update using Github
2023-11-29 19:49:02 Success.
2023-11-29 19:49:02 Latest version is 1.4.16
2023-11-29 19:49:02 App is up to date.
2023-11-29 20:49:02 Checking for update using Github
2023-11-29 20:49:04 Success.
2023-11-29 20:49:04 Latest version is 1.4.16
2023-11-29 20:49:04 App is up to date.
2023-11-29 22:13:34 Checking for update using Github
2023-11-29 22:13:36 Success.
2023-11-29 22:13:36 Latest version is 1.4.16
2023-11-29 22:13:36 App is up to date.
2023-11-29 23:50:47 Checking for update using Github
2023-11-29 23:50:47 Failed to check for update using Github (net::ERR_INTERNET_DISCONNECTED)
2023-11-29 23:50:47 Checking for update using obsidian.md
2023-11-30 11:10:33 Loading main app package /opt/Obsidian/resources/obsidian.asar
2023-11-30 11:10:33 Checking for update using Github
2023-11-30 11:10:34 Success.
2023-11-30 11:10:34 Latest version is 1.4.16
2023-11-30 11:10:34 App is up to date.
2023-11-30 12:10:33 Checking for update using Github
2023-11-30 12:10:34 Success.
2023-11-30 12:10:34 Latest version is 1.4.16
2023-11-30 12:10:34 App is up to date.
2023-11-30 14:40:46 Checking for update using Github
2023-11-30 14:40:47 Success.
2023-11-30 14:40:47 Latest version is 1.4.16
2023-11-30 14:40:47 App is up to date.
2023-11-30 16:47:50 Checking for update using Github
2023-11-30 16:47:51 Success.
2023-11-30 16:47:51 Latest version is 1.4.16
2023-11-30 16:47:51 App is up to date.
2023-11-30 17:47:50 Checking for update using Github
2023-11-30 17:47:50 Success.
2023-11-30 17:47:50 Latest version is 1.4.16
2023-11-30 17:47:50 App is up to date.
2023-11-30 18:47:50 Checking for update using Github
2023-11-30 18:47:52 Success.
2023-11-30 18:47:52 Latest version is 1.4.16
2023-11-30 18:47:52 App is up to date.
2023-11-30 19:47:50 Checking for update using Github
2023-11-30 19:47:51 Success.
2023-11-30 19:47:51 Latest version is 1.4.16
2023-11-30 19:47:51 App is up to date.
2023-11-30 20:47:50 Checking for update using Github
2023-11-30 20:47:50 Success.
2023-11-30 20:47:50 Latest version is 1.4.16
2023-11-30 20:47:50 App is up to date.
2023-11-30 21:47:50 Checking for update using Github
2023-11-30 21:47:52 Success.
2023-11-30 21:47:52 Latest version is 1.4.16
2023-11-30 21:47:52 App is up to date.
2023-12-02 12:31:54 Loading main app package /opt/Obsidian/resources/obsidian.asar
2023-12-02 12:31:55 Checking for update using Github
2023-12-02 12:31:55 Success.
2023-12-02 12:31:55 Latest version is 1.4.16
2023-12-02 12:31:55 App is up to date.
2023-12-02 14:43:47 Loading main app package /opt/Obsidian/resources/obsidian.asar
2023-12-02 14:43:47 Checking for update using Github
2023-12-02 14:43:48 Success.
2023-12-02 14:43:48 Latest version is 1.4.16
2023-12-02 14:43:48 App is up to date.
2023-12-02 15:43:47 Checking for update using Github
2023-12-02 15:43:48 Success.
2023-12-02 15:43:48 Latest version is 1.4.16
2023-12-02 15:43:48 App is up to date.
2023-12-02 16:43:47 Checking for update using Github
2023-12-02 16:43:48 Success.
2023-12-02 16:43:48 Latest version is 1.4.16
2023-12-02 16:43:48 App is up to date.
2023-12-02 17:43:47 Checking for update using Github
2023-12-02 17:43:48 Success.
2023-12-02 17:43:48 Latest version is 1.4.16
2023-12-02 17:43:48 App is up to date.
2023-12-02 21:24:07 Checking for update using Github
2023-12-02 21:24:08 Success.
2023-12-02 21:24:08 Latest version is 1.4.16
2023-12-02 21:24:08 App is up to date.
2023-12-02 22:24:07 Checking for update using Github
2023-12-02 22:24:08 Success.
2023-12-02 22:24:08 Latest version is 1.4.16
2023-12-02 22:24:08 App is up to date.
2023-12-02 23:38:25 Checking for update using Github
2023-12-03 02:33:09 Loading main app package /opt/Obsidian/resources/obsidian.asar
2023-12-03 02:33:09 Checking for update using Github
2023-12-03 02:33:10 Success.
2023-12-03 02:33:10 Latest version is 1.4.16
2023-12-03 02:33:10 App is up to date.
2023-12-03 04:23:18 Checking for update using Github
2023-12-03 04:23:19 Success.
2023-12-03 04:23:19 Latest version is 1.4.16
2023-12-03 04:23:19 App is up to date.
2023-12-03 12:33:19 Checking for update using Github
2023-12-03 12:33:20 Success.
2023-12-03 12:33:20 Latest version is 1.4.16
2023-12-03 12:33:20 App is up to date.
2023-12-03 13:33:19 Checking for update using Github
2023-12-03 13:33:21 Success.
2023-12-03 13:33:21 Latest version is 1.4.16
2023-12-03 13:33:21 App is up to date.
2023-12-03 14:33:19 Checking for update using Github
2023-12-03 14:33:20 Success.
2023-12-03 14:33:20 Latest version is 1.4.16
2023-12-03 14:33:20 App is up to date.
2023-12-03 15:33:19 Checking for update using Github
2023-12-03 15:33:20 Success.
2023-12-03 15:33:20 Latest version is 1.4.16
2023-12-03 15:33:20 App is up to date.
2023-12-03 16:50:45 Checking for update using Github
2023-12-03 16:50:46 Success.
2023-12-03 16:50:46 Latest version is 1.4.16
2023-12-03 16:50:46 App is up to date.
2023-12-03 17:50:45 Checking for update using Github
2023-12-03 17:50:46 Success.
2023-12-03 17:50:46 Latest version is 1.4.16
2023-12-03 17:50:46 App is up to date.
2023-12-03 18:50:45 Checking for update using Github
2023-12-03 18:50:46 Success.
2023-12-03 18:50:46 Latest version is 1.4.16
2023-12-03 18:50:46 App is up to date.
2023-12-03 19:50:45 Checking for update using Github
2023-12-03 19:50:46 Success.
2023-12-03 19:50:46 Latest version is 1.4.16
2023-12-03 19:50:46 App is up to date.
2023-12-03 20:50:45 Checking for update using Github
2023-12-03 20:50:45 Success.
2023-12-03 20:50:45 Latest version is 1.4.16
2023-12-03 20:50:45 App is up to date.
2023-12-04 01:35:59 Loading main app package /opt/Obsidian/resources/obsidian.asar
2023-12-04 01:35:59 Checking for update using Github
2023-12-04 01:36:00 Success.
2023-12-04 01:36:00 Latest version is 1.4.16
2023-12-04 01:36:00 App is up to date.
2023-12-04 02:35:59 Checking for update using Github
2023-12-04 02:36:00 Success.
2023-12-04 02:36:00 Latest version is 1.4.16
2023-12-04 02:36:00 App is up to date.
2023-12-04 03:35:59 Checking for update using Github
2023-12-04 03:36:00 Success.
2023-12-04 03:36:00 Latest version is 1.4.16
2023-12-04 03:36:00 App is up to date.
2023-12-04 04:35:59 Checking for update using Github
2023-12-04 04:36:00 Success.
2023-12-04 04:36:00 Latest version is 1.4.16
2023-12-04 04:36:00 App is up to date.
2023-12-04 12:26:17 Checking for update using Github
2023-12-04 12:26:18 Success.
2023-12-04 12:26:18 Latest version is 1.4.16
2023-12-04 12:26:18 App is up to date.
2023-12-04 14:39:05 Checking for update using Github
2023-12-04 14:39:07 Success.
2023-12-04 14:39:07 Latest version is 1.4.16
2023-12-04 14:39:07 App is up to date.
2023-12-04 16:26:32 Checking for update using Github
2023-12-04 16:26:34 Success.
2023-12-04 16:26:34 Latest version is 1.4.16
2023-12-04 16:26:34 App is up to date.
2023-12-04 18:03:03 Checking for update using Github
2023-12-04 18:03:03 Success.
2023-12-04 18:03:03 Latest version is 1.4.16
2023-12-04 18:03:03 App is up to date.
2023-12-04 19:31:38 Checking for update using Github
2023-12-04 19:31:40 Success.
2023-12-04 19:31:40 Latest version is 1.4.16
2023-12-04 19:31:40 App is up to date.
2023-12-04 20:33:54 Checking for update using Github
2023-12-04 20:33:55 Success.
2023-12-04 20:33:55 Latest version is 1.4.16
2023-12-04 20:33:55 App is up to date.
2023-12-04 21:42:03 Checking for update using Github
2023-12-04 21:42:03 Success.
2023-12-04 21:42:03 Latest version is 1.4.16
2023-12-04 21:42:03 App is up to date.
2023-12-04 22:03:27 Loading main app package /opt/Obsidian/resources/obsidian.asar
2023-12-04 22:03:28 Checking for update using Github
2023-12-04 22:03:29 Success.
2023-12-04 22:03:29 Latest version is 1.4.16
2023-12-04 22:03:29 App is up to date.
2023-12-04 23:03:27 Checking for update using Github
2023-12-04 23:03:29 Success.
2023-12-04 23:03:29 Latest version is 1.4.16
2023-12-04 23:03:29 App is up to date.
2023-12-05 00:03:27 Checking for update using Github
2023-12-05 00:03:29 Success.
2023-12-05 00:03:29 Latest version is 1.4.16
2023-12-05 00:03:29 App is up to date.
2023-12-05 02:55:30 Loading main app package /opt/Obsidian/resources/obsidian.asar
2023-12-05 02:55:31 Checking for update using Github
2023-12-05 02:55:37 Success.
2023-12-05 02:55:37 Latest version is 1.4.16
2023-12-05 02:55:37 App is up to date.
2023-12-05 03:55:30 Checking for update using Github
2023-12-05 03:55:31 Success.
2023-12-05 03:55:31 Latest version is 1.4.16
2023-12-05 03:55:31 App is up to date.
2023-12-05 04:55:37 Checking for update using Github
2023-12-05 04:55:38 Success.
2023-12-05 04:55:38 Latest version is 1.4.16
2023-12-05 04:55:38 App is up to date.
2023-12-05 16:00:56 Loading main app package /opt/Obsidian/resources/obsidian.asar
2023-12-05 16:00:56 Checking for update using Github
2023-12-05 16:00:57 Success.
2023-12-05 16:00:57 Latest version is 1.4.16
2023-12-05 16:00:57 App is up to date.
2023-12-05 17:28:58 Checking for update using Github
2023-12-05 17:28:58 Success.
2023-12-05 17:28:58 Latest version is 1.4.16
2023-12-05 17:28:58 App is up to date.
